-1	nan	nan
-0.95	nan	nan
-0.9	nan	nan
-0.85	nan	nan
-0.8	nan	nan
-0.75	nan	nan
-0.7	nan	nan
-0.65	nan	nan
-0.6	nan	nan
-0.55	nan	nan
-0.5	nan	nan
-0.45	nan	nan
-0.4	nan	nan
-0.35	nan	nan
-0.3	nan	nan
-0.25	nan	nan
-0.2	nan	nan
-0.15	nan	nan
-0.1	nan	nan
-0.05	nan	nan
0	nan	nan
0.05	nan	nan
0.1	nan	nan
0.15	nan	nan
0.2	nan	nan
0.25	nan	nan
0.3	nan	nan
0.35	nan	nan
0.4	nan	nan
0.45	nan	nan
0.5	nan	nan
0.55	nan	nan
0.6	nan	nan
0.65	nan	nan
0.7	nan	nan
0.75	nan	nan
0.8	nan	nan
0.85	nan	nan
0.9	nan	nan
0.95	nan	nan
1	nan	nan
1.05	nan	nan
1.1	nan	nan
1.15	nan	nan
1.2	nan	nan
1.25	nan	nan
1.3	nan	nan
1.35	nan	nan
1.4	nan	nan
1.45	nan	nan
1.5	nan	nan
1.55	nan	nan
1.6	nan	nan
1.65	nan	nan
1.7	nan	nan
1.75	nan	nan
1.8	nan	nan
1.85	nan	nan
1.9	nan	nan
1.95	nan	nan
2	nan	nan
